18:38:44,394 (main) DEBUG [DataNucleus.General] - Using PluginRegistry org.datanucleus.plugin.NonManagedPluginRegistry
18:38:44,426 (main) DEBUG [DataNucleus.General] - Registering bundle org.sonatype.inject version 2.3.0 at URL file:/C:/Users/Ditto/.m2/repository/org/sonatype/sisu/sisu-inject-bean/2.3.0/sisu-inject-bean-2.3.0.jar.
18:38:44,457 (main) DEBUG [DataNucleus.General] - Leyendo extension-points y extensiones del archivo de plug-in jar:file:/C:/Users/Ditto/.m2/repository/org/sonatype/sisu/sisu-inject-bean/2.3.0/sisu-inject-bean-2.3.0.jar!/plugin.xml.
18:38:44,457 (main) DEBUG [DataNucleus.General] - Registering bundle org.datanucleus.api.jdo version 5.2.2 at URL file:/C:/Users/Ditto/.m2/repository/org/datanucleus/datanucleus-api-jdo/5.2.2/datanucleus-api-jdo-5.2.2.jar.
18:38:44,472 (main) DEBUG [DataNucleus.General] - Leyendo extension-points y extensiones del archivo de plug-in jar:file:/C:/Users/Ditto/.m2/repository/org/datanucleus/datanucleus-api-jdo/5.2.2/datanucleus-api-jdo-5.2.2.jar!/plugin.xml.
18:38:44,472 (main) DEBUG [DataNucleus.General] - Registering bundle org.datanucleus version 5.2.2 at URL file:/C:/Users/Ditto/.m2/repository/org/datanucleus/datanucleus-core/5.2.2/datanucleus-core-5.2.2.jar.
18:38:44,472 (main) DEBUG [DataNucleus.General] - Leyendo extension-points y extensiones del archivo de plug-in jar:file:/C:/Users/Ditto/.m2/repository/org/datanucleus/datanucleus-core/5.2.2/datanucleus-core-5.2.2.jar!/plugin.xml.
18:38:44,504 (main) DEBUG [DataNucleus.General] - Registering bundle org.datanucleus.store.rdbms version 5.2.1 at URL file:/C:/Users/Ditto/.m2/repository/org/datanucleus/datanucleus-rdbms/5.2.1/datanucleus-rdbms-5.2.1.jar.
18:38:44,504 (main) DEBUG [DataNucleus.General] - Leyendo extension-points y extensiones del archivo de plug-in jar:file:/C:/Users/Ditto/.m2/repository/org/datanucleus/datanucleus-rdbms/5.2.1/datanucleus-rdbms-5.2.1.jar!/plugin.xml.
18:38:44,535 (main) DEBUG [DataNucleus.Persistence] - Tipos de Java inicializando ...
18:38:44,582 (main) DEBUG [DataNucleus.Persistence] - Soporte para tipos de Java listo : tipos soportados = [B, [C, [D, [F, [I, [J, [Ljava.lang.Boolean;, [Ljava.lang.Byte;, [Ljava.lang.Character;, [Ljava.lang.Double;, [Ljava.lang.Enum;, [Ljava.lang.Float;, [Ljava.lang.Integer;, [Ljava.lang.Long;, [Ljava.lang.Number;, [Ljava.lang.Object;, [Ljava.lang.Short;, [Ljava.lang.String;, [Ljava.math.BigDecimal;, [Ljava.math.BigInteger;, [Ljava.util.Date;, [Ljava.util.Locale;, [S, [Z, boolean, byte, char, double, float, int, java.awt.Color, java.awt.image.BufferedImage, java.lang.Boolean, java.lang.Byte, java.lang.Character, java.lang.Class, java.lang.Double, java.lang.Enum, java.lang.Float, java.lang.Integer, java.lang.Long, java.lang.Number, java.lang.Short, java.lang.String, java.lang.StringBuffer, java.lang.StringBuilder, java.math.BigDecimal, java.math.BigInteger, java.net.URI, java.net.URL, java.sql.Date, java.sql.Time, java.sql.Timestamp, java.time.Duration, java.time.Instant, java.time.LocalDate, java.time.LocalDateTime, java.time.LocalTime, java.time.MonthDay, java.time.OffsetDateTime, java.time.OffsetTime, java.time.Period, java.time.Year, java.time.YearMonth, java.time.ZonedDateTime, java.time.ZoneId, java.time.ZoneOffset, java.util.ArrayList, java.util.Arrays$ArrayList, java.util.BitSet, java.util.Calendar, java.util.Collection, java.util.Currency, java.util.Date, java.util.GregorianCalendar, java.util.HashMap, java.util.HashSet, java.util.Hashtable, java.util.LinkedHashMap, java.util.LinkedHashSet, java.util.LinkedList, java.util.List, java.util.Locale, java.util.Map, java.util.Optional, java.util.PriorityQueue, java.util.Properties, java.util.Queue, java.util.Set, java.util.SortedMap, java.util.SortedSet, java.util.Stack, java.util.TimeZone, java.util.TreeMap, java.util.TreeSet, java.util.UUID, java.util.Vector, long, short
18:38:44,600 (main) DEBUG [DataNucleus.Persistence] - Inicializando TypeConverters ...
18:38:44,632 (main) DEBUG [DataNucleus.Persistence] - TypeConverters listo
18:38:44,632 (main) DEBUG [DataNucleus.Persistence] - TypeConverter(s) available for byte[] to : java.nio.ByteBuffer
18:38:44,632 (main) DEBUG [DataNucleus.Persistence] - TypeConverter(s) available for char[] to : java.nio.ByteBuffer
18:38:44,632 (main) DEBUG [DataNucleus.Persistence] - TypeConverter(s) available for double[] to : java.nio.ByteBuffer
18:38:44,632 (main) DEBUG [DataNucleus.Persistence] - TypeConverter(s) available for float[] to : java.nio.ByteBuffer
18:38:44,632 (main) DEBUG [DataNucleus.Persistence] - TypeConverter(s) available for int[] to : java.nio.ByteBuffer
18:38:44,632 (main) DEBUG [DataNucleus.Persistence] - TypeConverter(s) available for long[] to : java.nio.ByteBuffer
18:38:44,632 (main) DEBUG [DataNucleus.Persistence] - TypeConverter(s) available for [Ljava.math.BigDecimal; to : java.nio.ByteBuffer
18:38:44,632 (main) DEBUG [DataNucleus.Persistence] - TypeConverter(s) available for [Ljava.math.BigInteger; to : java.nio.ByteBuffer
18:38:44,632 (main) DEBUG [DataNucleus.Persistence] - TypeConverter(s) available for short[] to : java.nio.ByteBuffer
18:38:44,632 (main) DEBUG [DataNucleus.Persistence] - TypeConverter(s) available for boolean[] to : java.nio.ByteBuffer
18:38:44,632 (main) DEBUG [DataNucleus.Persistence] - TypeConverter(s) available for java.awt.Color to : java.lang.String,int[]
18:38:44,632 (main) DEBUG [DataNucleus.Persistence] - TypeConverter(s) available for java.awt.image.BufferedImage to : java.nio.ByteBuffer,byte[]
18:38:44,632 (main) DEBUG [DataNucleus.Persistence] - TypeConverter(s) available for java.io.Serializable to : java.lang.String,java.nio.ByteBuffer,byte[]
18:38:44,632 (main) DEBUG [DataNucleus.Persistence] - TypeConverter(s) available for java.lang.Boolean to : java.lang.Integer,java.lang.Character
18:38:44,632 (main) DEBUG [DataNucleus.Persistence] - TypeConverter(s) available for java.lang.Character to : java.lang.String
18:38:44,632 (main) DEBUG [DataNucleus.Persistence] - TypeConverter(s) available for java.lang.Class to : java.lang.String
18:38:44,632 (main) DEBUG [DataNucleus.Persistence] - TypeConverter(s) available for java.lang.Integer to : java.lang.String
18:38:44,632 (main) DEBUG [DataNucleus.Persistence] - TypeConverter(s) available for java.lang.Long to : java.lang.String
18:38:44,632 (main) DEBUG [DataNucleus.Persistence] - TypeConverter(s) available for java.lang.StringBuffer to : java.lang.String
18:38:44,632 (main) DEBUG [DataNucleus.Persistence] - TypeConverter(s) available for java.lang.StringBuilder to : java.lang.String
18:38:44,632 (main) DEBUG [DataNucleus.Persistence] - TypeConverter(s) available for java.math.BigDecimal to : java.lang.String,java.lang.Double
18:38:44,632 (main) DEBUG [DataNucleus.Persistence] - TypeConverter(s) available for java.math.BigInteger to : java.lang.Long,java.lang.String
18:38:44,632 (main) DEBUG [DataNucleus.Persistence] - TypeConverter(s) available for java.net.URI to : java.lang.String
18:38:44,632 (main) DEBUG [DataNucleus.Persistence] - TypeConverter(s) available for java.net.URL to : java.lang.String
18:38:44,632 (main) DEBUG [DataNucleus.Persistence] - TypeConverter(s) available for java.sql.Date to : java.lang.Long,java.lang.String,java.util.Date
18:38:44,632 (main) DEBUG [DataNucleus.Persistence] - TypeConverter(s) available for java.sql.Time to : java.lang.Long,java.lang.String,java.util.Date
18:38:44,632 (main) DEBUG [DataNucleus.Persistence] - TypeConverter(s) available for java.sql.Timestamp to : java.lang.Long,java.lang.String,java.util.Date
18:38:44,632 (main) DEBUG [DataNucleus.Persistence] - TypeConverter(s) available for java.time.Duration to : java.lang.Long,java.lang.String,java.lang.Double
18:38:44,632 (main) DEBUG [DataNucleus.Persistence] - TypeConverter(s) available for java.time.Instant to : java.sql.Timestamp,java.lang.Long,java.lang.String,java.util.Date
18:38:44,632 (main) DEBUG [DataNucleus.Persistence] - TypeConverter(s) available for java.time.LocalDate to : java.lang.String,java.sql.Date,java.util.Date
18:38:44,632 (main) DEBUG [DataNucleus.Persistence] - TypeConverter(s) available for java.time.LocalDateTime to : java.sql.Timestamp,java.lang.String,java.util.Date
18:38:44,632 (main) DEBUG [DataNucleus.Persistence] - TypeConverter(s) available for java.time.LocalTime to : java.lang.Long,java.lang.String,java.sql.Time,java.util.Date
18:38:44,632 (main) DEBUG [DataNucleus.Persistence] - TypeConverter(s) available for java.time.MonthDay to : java.lang.String,java.sql.Date,int[],java.util.Date
18:38:44,632 (main) DEBUG [DataNucleus.Persistence] - TypeConverter(s) available for java.time.OffsetDateTime to : java.sql.Timestamp,java.lang.String,java.util.Date
18:38:44,632 (main) DEBUG [DataNucleus.Persistence] - TypeConverter(s) available for java.time.OffsetTime to : java.lang.Long,java.lang.String,java.sql.Time
18:38:44,632 (main) DEBUG [DataNucleus.Persistence] - TypeConverter(s) available for java.time.Period to : java.lang.String,int[]
18:38:44,632 (main) DEBUG [DataNucleus.Persistence] - TypeConverter(s) available for java.time.Year to : java.lang.String,java.lang.Integer
18:38:44,632 (main) DEBUG [DataNucleus.Persistence] - TypeConverter(s) available for java.time.YearMonth to : java.lang.String,java.sql.Date,int[],java.util.Date
18:38:44,632 (main) DEBUG [DataNucleus.Persistence] - TypeConverter(s) available for java.time.ZonedDateTime to : java.sql.Timestamp,java.lang.String
18:38:44,632 (main) DEBUG [DataNucleus.Persistence] - TypeConverter(s) available for java.time.ZoneId to : java.lang.String
18:38:44,632 (main) DEBUG [DataNucleus.Persistence] - TypeConverter(s) available for java.time.ZoneOffset to : java.lang.String
18:38:44,632 (main) DEBUG [DataNucleus.Persistence] - TypeConverter(s) available for java.util.BitSet to : java.lang.String
18:38:44,632 (main) DEBUG [DataNucleus.Persistence] - TypeConverter(s) available for java.util.Calendar to : java.sql.Timestamp,[Ljava.lang.Object;,java.lang.String,java.util.Date
18:38:44,632 (main) DEBUG [DataNucleus.Persistence] - TypeConverter(s) available for java.util.Currency to : java.lang.String
18:38:44,632 (main) DEBUG [DataNucleus.Persistence] - TypeConverter(s) available for java.util.Date to : java.lang.Long,java.lang.String
18:38:44,632 (main) DEBUG [DataNucleus.Persistence] - TypeConverter(s) available for java.util.Locale to : java.lang.String
18:38:44,632 (main) DEBUG [DataNucleus.Persistence] - TypeConverter(s) available for java.util.TimeZone to : java.lang.String
18:38:44,632 (main) DEBUG [DataNucleus.Persistence] - TypeConverter(s) available for java.util.UUID to : java.lang.String
18:38:44,632 (main) DEBUG [DataNucleus.MetaData] - MetaDataManager : Input=(XML,Annotations), XML-Validation=false, XML-Suffices=(persistence=*.jdo, orm=orm, query=*.jdoquery), JDO-listener=false
18:38:44,632 (main) INFO  [DataNucleus.Enhancer] - DataNucleus Enhancer (versión 5.2.2) para el API "JDO" utilisando el JRE "{2}"
18:38:44,632 (main) DEBUG [DataNucleus.Enhancer] - DataNucleus Enhancer : Classpath
18:38:44,632 (main) DEBUG [DataNucleus.Enhancer] - >>  C:\Users\Ditto\.m2\repository\org\datanucleus\datanucleus-maven-plugin\5.2.1\datanucleus-maven-plugin-5.2.1.jar
18:38:44,632 (main) DEBUG [DataNucleus.Enhancer] - >>  C:\Users\Ditto\.m2\repository\org\codehaus\plexus\plexus-utils\3.0.8\plexus-utils-3.0.8.jar
18:38:44,632 (main) DEBUG [DataNucleus.Enhancer] - >>  C:\Users\Ditto\.m2\repository\org\apache\maven\maven-artifact\3.0.4\maven-artifact-3.0.4.jar
18:38:44,632 (main) DEBUG [DataNucleus.Enhancer] - >>  C:\Users\Ditto\.m2\repository\org\apache\maven\maven-plugin-api\3.0.4\maven-plugin-api-3.0.4.jar
18:38:44,632 (main) DEBUG [DataNucleus.Enhancer] - >>  C:\Users\Ditto\.m2\repository\org\apache\maven\maven-model\3.0.4\maven-model-3.0.4.jar
18:38:44,632 (main) DEBUG [DataNucleus.Enhancer] - >>  C:\Users\Ditto\.m2\repository\org\sonatype\sisu\sisu-inject-plexus\2.3.0\sisu-inject-plexus-2.3.0.jar
18:38:44,632 (main) DEBUG [DataNucleus.Enhancer] - >>  C:\Users\Ditto\.m2\repository\org\codehaus\plexus\plexus-component-annotations\1.5.5\plexus-component-annotations-1.5.5.jar
18:38:44,632 (main) DEBUG [DataNucleus.Enhancer] - >>  C:\Users\Ditto\.m2\repository\org\sonatype\sisu\sisu-inject-bean\2.3.0\sisu-inject-bean-2.3.0.jar
18:38:44,632 (main) DEBUG [DataNucleus.Enhancer] - >>  C:\Users\Ditto\.m2\repository\org\sonatype\sisu\sisu-guice\3.1.0\sisu-guice-3.1.0-no_aop.jar
18:38:44,632 (main) DEBUG [DataNucleus.Enhancer] - >>  C:\Users\Ditto\.m2\repository\org\sonatype\sisu\sisu-guava\0.9.9\sisu-guava-0.9.9.jar
18:38:44,632 (main) DEBUG [DataNucleus.Enhancer] - >>  C:\Users\Ditto\.m2\repository\org\codehaus\plexus\plexus-container-default\1.5.5\plexus-container-default-1.5.5.jar
18:38:44,632 (main) DEBUG [DataNucleus.Enhancer] - >>  C:\Users\Ditto\.m2\repository\org\codehaus\plexus\plexus-classworlds\2.2.2\plexus-classworlds-2.2.2.jar
18:38:44,632 (main) DEBUG [DataNucleus.Enhancer] - >>  C:\Users\Ditto\.m2\repository\org\apache\xbean\xbean-reflect\3.4\xbean-reflect-3.4.jar
18:38:44,632 (main) DEBUG [DataNucleus.Enhancer] - >>  C:\Users\Ditto\.m2\repository\log4j\log4j\1.2.12\log4j-1.2.12.jar
18:38:44,632 (main) DEBUG [DataNucleus.Enhancer] - >>  C:\Users\Ditto\.m2\repository\commons-logging\commons-logging-api\1.1\commons-logging-api-1.1.jar
18:38:44,632 (main) DEBUG [DataNucleus.Enhancer] - >>  C:\Users\Ditto\.m2\repository\com\google\collections\google-collections\1.0\google-collections-1.0.jar
18:38:44,632 (main) DEBUG [DataNucleus.Enhancer] - >>  C:\Users\Ditto\.m2\repository\junit\junit\3.8.2\junit-3.8.2.jar
18:38:44,632 (main) DEBUG [DataNucleus.Enhancer] - >>  C:\Users\Ditto\git\proyectoBSPQRecuperacion\target\classes
18:38:44,632 (main) DEBUG [DataNucleus.Enhancer] - >>  C:\Users\Ditto\.m2\repository\log4j\log4j\1.2.17\log4j-1.2.17.jar
18:38:44,632 (main) DEBUG [DataNucleus.Enhancer] - >>  C:\Users\Ditto\.m2\repository\org\xerial\sqlite-jdbc\3.30.1\sqlite-jdbc-3.30.1.jar
18:38:44,632 (main) DEBUG [DataNucleus.Enhancer] - >>  C:\Users\Ditto\.m2\repository\org\openjfx\javafx-controls\14\javafx-controls-14.jar
18:38:44,632 (main) DEBUG [DataNucleus.Enhancer] - >>  C:\Users\Ditto\.m2\repository\org\openjfx\javafx-controls\14\javafx-controls-14-win.jar
18:38:44,632 (main) DEBUG [DataNucleus.Enhancer] - >>  C:\Users\Ditto\.m2\repository\org\openjfx\javafx-graphics\14\javafx-graphics-14.jar
18:38:44,632 (main) DEBUG [DataNucleus.Enhancer] - >>  C:\Users\Ditto\.m2\repository\org\openjfx\javafx-graphics\14\javafx-graphics-14-win.jar
18:38:44,632 (main) DEBUG [DataNucleus.Enhancer] - >>  C:\Users\Ditto\.m2\repository\org\controlsfx\controlsfx\11.0.1\controlsfx-11.0.1.jar
18:38:44,632 (main) DEBUG [DataNucleus.Enhancer] - >>  C:\Users\Ditto\.m2\repository\org\openjfx\javafx-base\11.0.2\javafx-base-11.0.2.jar
18:38:44,632 (main) DEBUG [DataNucleus.Enhancer] - >>  C:\Users\Ditto\.m2\repository\org\openjfx\javafx-base\11.0.2\javafx-base-11.0.2-win.jar
18:38:44,632 (main) DEBUG [DataNucleus.Enhancer] - >>  C:\Users\Ditto\.m2\repository\org\openjfx\javafx-fxml\14\javafx-fxml-14.jar
18:38:44,632 (main) DEBUG [DataNucleus.Enhancer] - >>  C:\Users\Ditto\.m2\repository\org\openjfx\javafx-fxml\14\javafx-fxml-14-win.jar
18:38:44,632 (main) DEBUG [DataNucleus.Enhancer] - >>  C:\Users\Ditto\.m2\repository\junit\junit\4.13\junit-4.13.jar
18:38:44,632 (main) DEBUG [DataNucleus.Enhancer] - >>  C:\Users\Ditto\.m2\repository\de\jensd\fontawesomefx-fontawesome\4.7.0-9.1.2\fontawesomefx-fontawesome-4.7.0-9.1.2.jar
18:38:44,632 (main) DEBUG [DataNucleus.Enhancer] - >>  C:\Users\Ditto\.m2\repository\de\jensd\fontawesomefx-commons\9.1.2\fontawesomefx-commons-9.1.2.jar
18:38:44,632 (main) DEBUG [DataNucleus.Enhancer] - >>  C:\Users\Ditto\.m2\repository\com\github\noconnor\junitperf\1.15.0\junitperf-1.15.0.jar
18:38:44,632 (main) DEBUG [DataNucleus.Enhancer] - >>  C:\Users\Ditto\.m2\repository\org\apache\commons\commons-lang3\3.4\commons-lang3-3.4.jar
18:38:44,632 (main) DEBUG [DataNucleus.Enhancer] - >>  C:\Users\Ditto\.m2\repository\ch\qos\logback\logback-classic\1.1.3\logback-classic-1.1.3.jar
18:38:44,632 (main) DEBUG [DataNucleus.Enhancer] - >>  C:\Users\Ditto\.m2\repository\ch\qos\logback\logback-core\1.1.3\logback-core-1.1.3.jar
18:38:44,632 (main) DEBUG [DataNucleus.Enhancer] - >>  C:\Users\Ditto\.m2\repository\org\slf4j\slf4j-api\1.7.7\slf4j-api-1.7.7.jar
18:38:44,632 (main) DEBUG [DataNucleus.Enhancer] - >>  C:\Users\Ditto\.m2\repository\com\google\guava\guava\19.0\guava-19.0.jar
18:38:44,632 (main) DEBUG [DataNucleus.Enhancer] - >>  C:\Users\Ditto\.m2\repository\commons-collections\commons-collections\3.2.2\commons-collections-3.2.2.jar
18:38:44,632 (main) DEBUG [DataNucleus.Enhancer] - >>  C:\Users\Ditto\.m2\repository\org\apache\commons\commons-math3\3.6.1\commons-math3-3.6.1.jar
18:38:44,632 (main) DEBUG [DataNucleus.Enhancer] - >>  C:\Users\Ditto\.m2\repository\org\jtwig\jtwig-core\5.86.1.RELEASE\jtwig-core-5.86.1.RELEASE.jar
18:38:44,632 (main) DEBUG [DataNucleus.Enhancer] - >>  C:\Users\Ditto\.m2\repository\org\jtwig\jtwig-reflection\5.86.1.RELEASE\jtwig-reflection-5.86.1.RELEASE.jar
18:38:44,632 (main) DEBUG [DataNucleus.Enhancer] - >>  C:\Users\Ditto\.m2\repository\org\parboiled\parboiled-java\1.1.7\parboiled-java-1.1.7.jar
18:38:44,632 (main) DEBUG [DataNucleus.Enhancer] - >>  C:\Users\Ditto\.m2\repository\org\parboiled\parboiled-core\1.1.7\parboiled-core-1.1.7.jar
18:38:44,632 (main) DEBUG [DataNucleus.Enhancer] - >>  C:\Users\Ditto\.m2\repository\org\ow2\asm\asm\5.0.3\asm-5.0.3.jar
18:38:44,632 (main) DEBUG [DataNucleus.Enhancer] - >>  C:\Users\Ditto\.m2\repository\org\ow2\asm\asm-tree\5.0.3\asm-tree-5.0.3.jar
18:38:44,632 (main) DEBUG [DataNucleus.Enhancer] - >>  C:\Users\Ditto\.m2\repository\org\ow2\asm\asm-analysis\5.0.3\asm-analysis-5.0.3.jar
18:38:44,632 (main) DEBUG [DataNucleus.Enhancer] - >>  C:\Users\Ditto\.m2\repository\org\ow2\asm\asm-util\5.0.3\asm-util-5.0.3.jar
18:38:44,632 (main) DEBUG [DataNucleus.Enhancer] - >>  C:\Users\Ditto\.m2\repository\com\googlecode\concurrentlinkedhashmap\concurrentlinkedhashmap-lru\1.4.2\concurrentlinkedhashmap-lru-1.4.2.jar
18:38:44,632 (main) DEBUG [DataNucleus.Enhancer] - >>  C:\Users\Ditto\.m2\repository\org\mockito\mockito-core\3.3.3\mockito-core-3.3.3.jar
18:38:44,632 (main) DEBUG [DataNucleus.Enhancer] - >>  C:\Users\Ditto\.m2\repository\net\bytebuddy\byte-buddy\1.10.5\byte-buddy-1.10.5.jar
18:38:44,632 (main) DEBUG [DataNucleus.Enhancer] - >>  C:\Users\Ditto\.m2\repository\net\bytebuddy\byte-buddy-agent\1.10.5\byte-buddy-agent-1.10.5.jar
18:38:44,632 (main) DEBUG [DataNucleus.Enhancer] - >>  C:\Users\Ditto\.m2\repository\org\objenesis\objenesis\2.6\objenesis-2.6.jar
18:38:44,632 (main) DEBUG [DataNucleus.Enhancer] - >>  C:\Users\Ditto\.m2\repository\org\hamcrest\hamcrest-core\1.3\hamcrest-core-1.3.jar
18:38:44,632 (main) DEBUG [DataNucleus.Enhancer] - >>  C:\Users\Ditto\.m2\repository\org\datanucleus\datanucleus-api-jdo\5.2.2\datanucleus-api-jdo-5.2.2.jar
18:38:44,632 (main) DEBUG [DataNucleus.Enhancer] - >>  C:\Users\Ditto\.m2\repository\org\datanucleus\javax.jdo\3.2.0-m12\javax.jdo-3.2.0-m12.jar
18:38:44,632 (main) DEBUG [DataNucleus.Enhancer] - >>  C:\Users\Ditto\.m2\repository\javax\transaction\transaction-api\1.1\transaction-api-1.1.jar
18:38:44,632 (main) DEBUG [DataNucleus.Enhancer] - >>  C:\Users\Ditto\.m2\repository\org\datanucleus\datanucleus-core\5.2.2\datanucleus-core-5.2.2.jar
18:38:44,632 (main) DEBUG [DataNucleus.Enhancer] - >>  C:\Users\Ditto\.m2\repository\org\datanucleus\datanucleus-rdbms\5.2.1\datanucleus-rdbms-5.2.1.jar
18:38:44,632 (main) DEBUG [DataNucleus.Enhancer] - Enhancing classes
18:38:44,647 (main) ERROR [DataNucleus.Enhancer] - DataNucleus Enhancer ha terminado con un error. Por favor lee el LOG para los detalles. Habia errores con algunas de las clases
Ningun archivo "persistence.xml" ha sido encontrado en el CLASSPATH pero entro el nombre ("Unit") de un "persistence-unit". Tiene que tener el archivo "persistence.xml" en el CLASSPATH en una carpeta valida para esta opción.
org.datanucleus.enhancer.NucleusEnhanceException: Ningun archivo "persistence.xml" ha sido encontrado en el CLASSPATH pero entro el nombre ("Unit") de un "persistence-unit". Tiene que tener el archivo "persistence.xml" en el CLASSPATH en una carpeta valida para esta opción.
	at org.datanucleus.enhancer.DataNucleusEnhancer.getFileMetadataForInput(DataNucleusEnhancer.java:781)
	at org.datanucleus.enhancer.DataNucleusEnhancer.enhance(DataNucleusEnhancer.java:501)
	at org.datanucleus.enhancer.DataNucleusEnhancer.main(DataNucleusEnhancer.java:1157)
18:46:47,471 (JavaFX Application Thread) DEBUG [DataNucleus.General] - Using PluginRegistry org.datanucleus.plugin.NonManagedPluginRegistry
18:46:47,492 (JavaFX Application Thread) DEBUG [DataNucleus.General] - Registering bundle org.datanucleus.api.jdo version 5.2.2 at URL file:/C:/Users/Ditto/.m2/repository/org/datanucleus/datanucleus-api-jdo/5.2.2/datanucleus-api-jdo-5.2.2.jar.
18:46:47,508 (JavaFX Application Thread) DEBUG [DataNucleus.General] - Leyendo extension-points y extensiones del archivo de plug-in jar:file:/C:/Users/Ditto/.m2/repository/org/datanucleus/datanucleus-api-jdo/5.2.2/datanucleus-api-jdo-5.2.2.jar!/plugin.xml.
18:46:47,514 (JavaFX Application Thread) DEBUG [DataNucleus.General] - Registering bundle org.datanucleus version 5.2.2 at URL file:/C:/Users/Ditto/.m2/repository/org/datanucleus/datanucleus-core/5.2.2/datanucleus-core-5.2.2.jar.
18:46:47,517 (JavaFX Application Thread) DEBUG [DataNucleus.General] - Leyendo extension-points y extensiones del archivo de plug-in jar:file:/C:/Users/Ditto/.m2/repository/org/datanucleus/datanucleus-core/5.2.2/datanucleus-core-5.2.2.jar!/plugin.xml.
18:46:47,526 (JavaFX Application Thread) DEBUG [DataNucleus.General] - Registering bundle org.datanucleus.store.rdbms version 5.2.1 at URL file:/C:/Users/Ditto/.m2/repository/org/datanucleus/datanucleus-rdbms/5.2.1/datanucleus-rdbms-5.2.1.jar.
18:46:47,530 (JavaFX Application Thread) DEBUG [DataNucleus.General] - Leyendo extension-points y extensiones del archivo de plug-in jar:file:/C:/Users/Ditto/.m2/repository/org/datanucleus/datanucleus-rdbms/5.2.1/datanucleus-rdbms-5.2.1.jar!/plugin.xml.
20:04:16,485 (JavaFX Application Thread) DEBUG [DataNucleus.General] - Using PluginRegistry org.datanucleus.plugin.NonManagedPluginRegistry
20:04:16,506 (JavaFX Application Thread) DEBUG [DataNucleus.General] - Registering bundle org.datanucleus.api.jdo version 5.2.2 at URL file:/C:/Users/Ditto/.m2/repository/org/datanucleus/datanucleus-api-jdo/5.2.2/datanucleus-api-jdo-5.2.2.jar.
20:04:16,521 (JavaFX Application Thread) DEBUG [DataNucleus.General] - Leyendo extension-points y extensiones del archivo de plug-in jar:file:/C:/Users/Ditto/.m2/repository/org/datanucleus/datanucleus-api-jdo/5.2.2/datanucleus-api-jdo-5.2.2.jar!/plugin.xml.
20:04:16,527 (JavaFX Application Thread) DEBUG [DataNucleus.General] - Registering bundle org.datanucleus version 5.2.2 at URL file:/C:/Users/Ditto/.m2/repository/org/datanucleus/datanucleus-core/5.2.2/datanucleus-core-5.2.2.jar.
20:04:16,529 (JavaFX Application Thread) DEBUG [DataNucleus.General] - Leyendo extension-points y extensiones del archivo de plug-in jar:file:/C:/Users/Ditto/.m2/repository/org/datanucleus/datanucleus-core/5.2.2/datanucleus-core-5.2.2.jar!/plugin.xml.
20:04:16,538 (JavaFX Application Thread) DEBUG [DataNucleus.General] - Registering bundle org.datanucleus.store.rdbms version 5.2.1 at URL file:/C:/Users/Ditto/.m2/repository/org/datanucleus/datanucleus-rdbms/5.2.1/datanucleus-rdbms-5.2.1.jar.
20:04:16,542 (JavaFX Application Thread) DEBUG [DataNucleus.General] - Leyendo extension-points y extensiones del archivo de plug-in jar:file:/C:/Users/Ditto/.m2/repository/org/datanucleus/datanucleus-rdbms/5.2.1/datanucleus-rdbms-5.2.1.jar!/plugin.xml.
20:06:59,572 (JavaFX Application Thread) DEBUG [DataNucleus.General] - Using PluginRegistry org.datanucleus.plugin.NonManagedPluginRegistry
20:06:59,593 (JavaFX Application Thread) DEBUG [DataNucleus.General] - Registering bundle org.datanucleus.api.jdo version 5.2.2 at URL file:/C:/Users/Ditto/.m2/repository/org/datanucleus/datanucleus-api-jdo/5.2.2/datanucleus-api-jdo-5.2.2.jar.
20:06:59,607 (JavaFX Application Thread) DEBUG [DataNucleus.General] - Leyendo extension-points y extensiones del archivo de plug-in jar:file:/C:/Users/Ditto/.m2/repository/org/datanucleus/datanucleus-api-jdo/5.2.2/datanucleus-api-jdo-5.2.2.jar!/plugin.xml.
20:06:59,613 (JavaFX Application Thread) DEBUG [DataNucleus.General] - Registering bundle org.datanucleus version 5.2.2 at URL file:/C:/Users/Ditto/.m2/repository/org/datanucleus/datanucleus-core/5.2.2/datanucleus-core-5.2.2.jar.
20:06:59,616 (JavaFX Application Thread) DEBUG [DataNucleus.General] - Leyendo extension-points y extensiones del archivo de plug-in jar:file:/C:/Users/Ditto/.m2/repository/org/datanucleus/datanucleus-core/5.2.2/datanucleus-core-5.2.2.jar!/plugin.xml.
20:06:59,626 (JavaFX Application Thread) DEBUG [DataNucleus.General] - Registering bundle org.datanucleus.store.rdbms version 5.2.1 at URL file:/C:/Users/Ditto/.m2/repository/org/datanucleus/datanucleus-rdbms/5.2.1/datanucleus-rdbms-5.2.1.jar.
20:06:59,630 (JavaFX Application Thread) DEBUG [DataNucleus.General] - Leyendo extension-points y extensiones del archivo de plug-in jar:file:/C:/Users/Ditto/.m2/repository/org/datanucleus/datanucleus-rdbms/5.2.1/datanucleus-rdbms-5.2.1.jar!/plugin.xml.
